<?xml version="1.0" encoding="UTF-8" standalone="yes"?>
<!DOCTYPE report PUBLIC "-//JACOCO//DTD Report 1.1//EN" "report.dtd">
<report name="bff-domain">
    <sessioninfo id="MacBook-Pro-de-Georges.local-b1834427" start="1666943364057" dump="1666943365502"/>
    <package name="io/symeo/monolithic/backend/domain/bff/storage">
        <class name="io/symeo/monolithic/backend/domain/bff/storage/TeamStandardInMemoryStorage" sourcefilename="TeamStandardInMemoryStorage.java">
            <method name="&lt;init&gt;" desc="()V" line="12">
                <counter type="INSTRUCTION" missed="0" covered="3"/>
                <counter type="LINE" missed="0" covered="1"/>
                <counter type="COMPLEXITY" missed="0" covered="1"/>
                <counter type="METHOD" missed="0" covered="1"/>
            </method>
            <method name="getByCode" desc="(Ljava/lang/String;)Lio/symeo/monolithic/backend/domain/bff/model/account/TeamStandard;" line="22">
                <counter type="INSTRUCTION" missed="0" covered="28"/>
                <counter type="BRANCH" missed="0" covered="2"/>
                <counter type="LINE" missed="0" covered="8"/>
                <counter type="COMPLEXITY" missed="0" covered="2"/>
                <counter type="METHOD" missed="0" covered="1"/>
            </method>
            <method name="&lt;clinit&gt;" desc="()V" line="11">
                <counter type="INSTRUCTION" missed="0" covered="16"/>
                <counter type="LINE" missed="0" covered="5"/>
                <counter type="COMPLEXITY" missed="0" covered="1"/>
                <counter type="METHOD" missed="0" covered="1"/>
            </method>
            <counter type="INSTRUCTION" missed="0" covered="47"/>
            <counter type="BRANCH" missed="0" covered="2"/>
            <counter type="LINE" missed="0" covered="14"/>
            <counter type="COMPLEXITY" missed="0" covered="4"/>
            <counter type="METHOD" missed="0" covered="3"/>
            <counter type="CLASS" missed="0" covered="1"/>
        </class>
        <sourcefile name="TeamStandardInMemoryStorage.java">
            <line nr="11" mi="0" ci="3" mb="0" cb="0"/>
            <line nr="12" mi="0" ci="3" mb="0" cb="0"/>
            <line nr="14" mi="0" ci="2" mb="0" cb="0"/>
            <line nr="15" mi="0" ci="2" mb="0" cb="0"/>
            <line nr="16" mi="0" ci="5" mb="0" cb="0"/>
            <line nr="17" mi="0" ci="4" mb="0" cb="0"/>
            <line nr="22" mi="0" ci="4" mb="0" cb="2"/>
            <line nr="23" mi="0" ci="5" mb="0" cb="0"/>
            <line nr="25" mi="0" ci="9" mb="0" cb="0"/>
            <line nr="26" mi="0" ci="3" mb="0" cb="0"/>
            <line nr="27" mi="0" ci="2" mb="0" cb="0"/>
            <line nr="28" mi="0" ci="2" mb="0" cb="0"/>
            <line nr="29" mi="0" ci="1" mb="0" cb="0"/>
            <line nr="30" mi="0" ci="2" mb="0" cb="0"/>
            <counter type="INSTRUCTION" missed="0" covered="47"/>
            <counter type="BRANCH" missed="0" covered="2"/>
            <counter type="LINE" missed="0" covered="14"/>
            <counter type="COMPLEXITY" missed="0" covered="4"/>
            <counter type="METHOD" missed="0" covered="3"/>
            <counter type="CLASS" missed="0" covered="1"/>
        </sourcefile>
        <counter type="INSTRUCTION" missed="0" covered="47"/>
        <counter type="BRANCH" missed="0" covered="2"/>
        <counter type="LINE" missed="0" covered="14"/>
        <counter type="COMPLEXITY" missed="0" covered="4"/>
        <counter type="METHOD" missed="0" covered="3"/>
        <counter type="CLASS" missed="0" covered="1"/>
    </package>
    <package name="io/symeo/monolithic/backend/domain/bff/model/account">
        <class name="io/symeo/monolithic/backend/domain/bff/model/account/User$UserBuilder" sourcefilename="User.java">
            <method name="&lt;init&gt;" desc="()V" line="12">
                <counter type="INSTRUCTION" missed="0" covered="3"/>
                <counter type="LINE" missed="0" covered="1"/>
                <counter type="COMPLEXITY" missed="0" covered="1"/>
                <counter type="METHOD" missed="0" covered="1"/>
            </method>
            <method name="email" desc="(Ljava/lang/String;)Lio/symeo/monolithic/backend/domain/bff/model/account/User$UserBuilder;" line="12">
                <counter type="INSTRUCTION" missed="0" covered="5"/>
                <counter type="LINE" missed="0" covered="1"/>
                <counter type="COMPLEXITY" missed="0" covered="1"/>
                <counter type="METHOD" missed="0" covered="1"/>
            </method>
            <method name="id" desc="(Ljava/util/UUID;)Lio/symeo/monolithic/backend/domain/bff/model/account/User$UserBuilder;" line="12">
                <counter type="INSTRUCTION" missed="0" covered="5"/>
                <counter type="LINE" missed="0" covered="1"/>
                <counter type="COMPLEXITY" missed="0" covered="1"/>
                <counter type="METHOD" missed="0" covered="1"/>
            </method>
            <method name="organizations" desc="(Ljava/util/List;)Lio/symeo/monolithic/backend/domain/bff/model/account/User$UserBuilder;" line="12">
                <counter type="INSTRUCTION" missed="0" covered="5"/>
                <counter type="LINE" missed="0" covered="1"/>
                <counter type="COMPLEXITY" missed="0" covered="1"/>
                <counter type="METHOD" missed="0" covered="1"/>
            </method>
            <method name="onboarding" desc="(Lio/symeo/monolithic/backend/domain/bff/model/account/Onboarding;)Lio/symeo/monolithic/backend/domain/bff/model/account/User$UserBuilder;" line="12">
                <counter type="INSTRUCTION" missed="0" covered="8"/>
                <counter type="LINE" missed="0" covered="1"/>
                <counter type="COMPLEXITY" missed="0" covered="1"/>
                <counter type="METHOD" missed="0" covered="1"/>
            </method>
            <method name="status" desc="(Ljava/lang/String;)Lio/symeo/monolithic/backend/domain/bff/model/account/User$UserBuilder;" line="12">
                <counter type="INSTRUCTION" missed="0" covered="8"/>
                <counter type="LINE" missed="0" covered="1"/>
                <counter type="COMPLEXITY" missed="0" covered="1"/>
                <counter type="METHOD" missed="0" covered="1"/>
            </method>
            <method name="build" desc="()Lio/symeo/monolithic/backend/domain/bff/model/account/User;" line="12">
                <counter type="INSTRUCTION" missed="0" covered="28"/>
                <counter type="BRANCH" missed="0" covered="4"/>
                <counter type="LINE" missed="0" covered="1"/>
                <counter type="COMPLEXITY" missed="0" covered="3"/>
                <counter type="METHOD" missed="0" covered="1"/>
            </method>
            <method name="toString" desc="()Ljava/lang/String;" line="12">
                <counter type="INSTRUCTION" missed="12" covered="0"/>
                <counter type="LINE" missed="1" covered="0"/>
                <counter type="COMPLEXITY" missed="1" covered="0"/>
                <counter type="METHOD" missed="1" covered="0"/>
            </method>
            <counter type="INSTRUCTION" missed="12" covered="62"/>
            <counter type="BRANCH" missed="0" covered="4"/>
            <counter type="LINE" missed="0" covered="1"/>
            <counter type="COMPLEXITY" missed="1" covered="9"/>
            <counter type="METHOD" missed="1" covered="7"/>
            <counter type="CLASS" missed="0" covered="1"/>
        </class>
        <class name="io/symeo/monolithic/backend/domain/bff/model/account/TeamGoal$TeamGoalBuilder" sourcefilename="TeamGoal.java">
            <method name="&lt;init&gt;" desc="()V" line="10">
                <counter type="INSTRUCTION" missed="0" covered="3"/>
                <counter type="LINE" missed="0" covered="1"/>
                <counter type="COMPLEXITY" missed="0" covered="1"/>
                <counter type="METHOD" missed="0" covered="1"/>
            </method>
            <method name="id" desc="(Ljava/util/UUID;)Lio/symeo/monolithic/backend/domain/bff/model/account/TeamGoal$TeamGoalBuilder;" line="10">
                <counter type="INSTRUCTION" missed="0" covered="5"/>
                <counter type="LINE" missed="0" covered="1"/>
                <counter type="COMPLEXITY" missed="0" covered="1"/>
                <counter type="METHOD" missed="0" covered="1"/>
            </method>
            <method name="standardCode" desc="(Ljava/lang/String;)Lio/symeo/monolithic/backend/domain/bff/model/account/TeamGoal$TeamGoalBuilder;" line="10">
                <counter type="INSTRUCTION" missed="5" covered="7"/>
                <counter type="BRANCH" missed="1" covered="1"/>
                <counter type="LINE" missed="0" covered="1"/>
                <counter type="COMPLEXITY" missed="1" covered="1"/>
                <counter type="METHOD" missed="0" covered="1"/>
            </method>
            <method name="teamId" desc="(Ljava/util/UUID;)Lio/symeo/monolithic/backend/domain/bff/model/account/TeamGoal$TeamGoalBuilder;" line="10">
                <counter type="INSTRUCTION" missed="5" covered="7"/>
                <counter type="BRANCH" missed="1" covered="1"/>
                <counter type="LINE" missed="0" covered="1"/>
                <counter type="COMPLEXITY" missed="1" covered="1"/>
                <counter type="METHOD" missed="0" covered="1"/>
            </method>
            <method name="value" desc="(Ljava/lang/String;)Lio/symeo/monolithic/backend/domain/bff/model/account/TeamGoal$TeamGoalBuilder;" line="10">
                <counter type="INSTRUCTION" missed="0" covered="5"/>
                <counter type="LINE" missed="0" covered="1"/>
                <counter type="COMPLEXITY" missed="0" covered="1"/>
                <counter type="METHOD" missed="0" covered="1"/>
            </method>
            <method name="build" desc="()Lio/symeo/monolithic/backend/domain/bff/model/account/TeamGoal;" line="10">
                <counter type="INSTRUCTION" missed="0" covered="12"/>
                <counter type="LINE" missed="0" covered="1"/>
                <counter type="COMPLEXITY" missed="0" covered="1"/>
                <counter type="METHOD" missed="0" covered="1"/>
            </method>
            <method name="toString" desc="()Ljava/lang/String;" line="10">
                <counter type="INSTRUCTION" missed="10" covered="0"/>
                <counter type="LINE" missed="1" covered="0"/>
                <counter type="COMPLEXITY" missed="1" covered="0"/>
                <counter type="METHOD" missed="1" covered="0"/>
            </method>
            <counter type="INSTRUCTION" missed="20" covered="39"/>
            <counter type="BRANCH" missed="2" covered="2"/>
            <counter type="LINE" missed="0" covered="1"/>
            <counter type="COMPLEXITY" missed="3" covered="6"/>
            <counter type="METHOD" missed="1" covered="6"/>
            <counter type="CLASS" missed="0" covered="1"/>
        </class>
        <class name="io/symeo/monolithic/backend/domain/bff/model/account/Onboarding$OnboardingBuilder" sourcefilename="Onboarding.java">
            <method name="&lt;init&gt;" desc="()V" line="11">
                <counter type="INSTRUCTION" missed="0" covered="3"/>
                <counter type="LINE" missed="0" covered="1"/>
                <counter type="COMPLEXITY" missed="0" covered="1"/>
                <counter type="METHOD" missed="0" covered="1"/>
            </method>
            <method name="id" desc="(Ljava/util/UUID;)Lio/symeo/monolithic/backend/domain/bff/model/account/Onboarding$OnboardingBuilder;" line="11">
                <counter type="INSTRUCTION" missed="0" covered="5"/>
                <counter type="LINE" missed="0" covered="1"/>
                <counter type="COMPLEXITY" missed="0" covered="1"/>
                <counter type="METHOD" missed="0" covered="1"/>
            </method>
            <method name="hasConnectedToVcs" desc="(Ljava/lang/Boolean;)Lio/symeo/monolithic/backend/domain/bff/model/account/Onboarding$OnboardingBuilder;" line="11">
                <counter type="INSTRUCTION" missed="0" covered="8"/>
                <counter type="LINE" missed="0" covered="1"/>
                <counter type="COMPLEXITY" missed="0" covered="1"/>
                <counter type="METHOD" missed="0" covered="1"/>
            </method>
            <method name="hasConfiguredTeam" desc="(Ljava/lang/Boolean;)Lio/symeo/monolithic/backend/domain/bff/model/account/Onboarding$OnboardingBuilder;" line="11">
                <counter type="INSTRUCTION" missed="0" covered="8"/>
                <counter type="LINE" missed="0" covered="1"/>
                <counter type="COMPLEXITY" missed="0" covered="1"/>
                <counter type="METHOD" missed="0" covered="1"/>
            </method>
            <method name="build" desc="()Lio/symeo/monolithic/backend/domain/bff/model/account/Onboarding;" line="11">
                <counter type="INSTRUCTION" missed="0" covered="24"/>
                <counter type="BRANCH" missed="0" covered="4"/>
                <counter type="LINE" missed="0" covered="1"/>
                <counter type="COMPLEXITY" missed="0" covered="3"/>
                <counter type="METHOD" missed="0" covered="1"/>
            </method>
            <method name="toString" desc="()Ljava/lang/String;" line="11">
                <counter type="INSTRUCTION" missed="8" covered="0"/>
                <counter type="LINE" missed="1" covered="0"/>
                <counter type="COMPLEXITY" missed="1" covered="0"/>
                <counter type="METHOD" missed="1" covered="0"/>
            </method>
            <counter type="INSTRUCTION" missed="8" covered="48"/>
            <counter type="BRANCH" missed="0" covered="4"/>
            <counter type="LINE" missed="0" covered="1"/>
            <counter type="COMPLEXITY" missed="1" covered="7"/>
            <counter type="METHOD" missed="1" covered="5"/>
            <counter type="CLASS" missed="0" covered="1"/>
        </class>
        <class name="io/symeo/monolithic/backend/domain/bff/model/account/TeamStandard" sourcefilename="TeamStandard.java">
            <method name="buildTimeToMerge" desc="()Lio/symeo/monolithic/backend/domain/bff/model/account/TeamStandard;" line="15">
                <counter type="INSTRUCTION" missed="0" covered="5"/>
                <counter type="LINE" missed="0" covered="3"/>
                <counter type="COMPLEXITY" missed="0" covered="1"/>
                <counter type="METHOD" missed="0" covered="1"/>
            </method>
            <method name="buildPullRequestSize" desc="()Lio/symeo/monolithic/backend/domain/bff/model/account/TeamStandard;" line="21">
                <counter type="INSTRUCTION" missed="0" covered="5"/>
                <counter type="LINE" missed="0" covered="3"/>
                <counter type="COMPLEXITY" missed="0" covered="1"/>
                <counter type="METHOD" missed="0" covered="1"/>
            </method>
            <method name="&lt;init&gt;" desc="(Ljava/lang/String;)V" line="6">
                <counter type="INSTRUCTION" missed="0" covered="6"/>
                <counter type="LINE" missed="0" covered="1"/>
                <counter type="COMPLEXITY" missed="0" covered="1"/>
                <counter type="METHOD" missed="0" covered="1"/>
            </method>
            <method name="builder" desc="()Lio/symeo/monolithic/backend/domain/bff/model/account/TeamStandard$TeamStandardBuilder;" line="6">
                <counter type="INSTRUCTION" missed="0" covered="4"/>
                <counter type="LINE" missed="0" covered="1"/>
                <counter type="COMPLEXITY" missed="0" covered="1"/>
                <counter type="METHOD" missed="0" covered="1"/>
            </method>
            <method name="getCode" desc="()Ljava/lang/String;" line="12">
                <counter type="INSTRUCTION" missed="0" covered="3"/>
                <counter type="LINE" missed="0" covered="1"/>
                <counter type="COMPLEXITY" missed="0" covered="1"/>
                <counter type="METHOD" missed="0" covered="1"/>
            </method>
            <method name="setCode" desc="(Ljava/lang/String;)V" line="7">
                <counter type="INSTRUCTION" missed="4" covered="0"/>
                <counter type="LINE" missed="1" covered="0"/>
                <counter type="COMPLEXITY" missed="1" covered="0"/>
                <counter type="METHOD" missed="1" covered="0"/>
            </method>
            <method name="equals" desc="(Ljava/lang/Object;)Z" line="7">
                <counter type="INSTRUCTION" missed="9" covered="29"/>
                <counter type="BRANCH" missed="6" covered="6"/>
                <counter type="LINE" missed="0" covered="1"/>
                <counter type="COMPLEXITY" missed="5" covered="2"/>
                <counter type="METHOD" missed="0" covered="1"/>
            </method>
            <method name="canEqual" desc="(Ljava/lang/Object;)Z" line="7">
                <counter type="INSTRUCTION" missed="0" covered="3"/>
                <counter type="LINE" missed="0" covered="1"/>
                <counter type="COMPLEXITY" missed="0" covered="1"/>
                <counter type="METHOD" missed="0" covered="1"/>
            </method>
            <method name="hashCode" desc="()I" line="7">
                <counter type="INSTRUCTION" missed="20" covered="0"/>
                <counter type="BRANCH" missed="2" covered="0"/>
                <counter type="LINE" missed="1" covered="0"/>
                <counter type="COMPLEXITY" missed="2" covered="0"/>
                <counter type="METHOD" missed="1" covered="0"/>
            </method>
            <method name="toString" desc="()Ljava/lang/String;" line="7">
                <counter type="INSTRUCTION" missed="4" covered="0"/>
                <counter type="LINE" missed="1" covered="0"/>
                <counter type="COMPLEXITY" missed="1" covered="0"/>
                <counter type="METHOD" missed="1" covered="0"/>
            </method>
            <counter type="INSTRUCTION" missed="37" covered="55"/>
            <counter type="BRANCH" missed="8" covered="6"/>
            <counter type="LINE" missed="0" covered="9"/>
            <counter type="COMPLEXITY" missed="9" covered="8"/>
            <counter type="METHOD" missed="3" covered="7"/>
            <counter type="CLASS" missed="0" covered="1"/>
        </class>
        <class name="io/symeo/monolithic/backend/domain/bff/model/account/Team$TeamBuilder" sourcefilename="Team.java">
            <method name="&lt;init&gt;" desc="()V" line="11">
                <counter type="INSTRUCTION" missed="0" covered="3"/>
                <counter type="LINE" missed="0" covered="1"/>
                <counter type="COMPLEXITY" missed="0" covered="1"/>
                <counter type="METHOD" missed="0" covered="1"/>
            </method>
            <method name="id" desc="(Ljava/util/UUID;)Lio/symeo/monolithic/backend/domain/bff/model/account/Team$TeamBuilder;" line="11">
                <counter type="INSTRUCTION" missed="0" covered="5"/>
                <counter type="LINE" missed="0" covered="1"/>
                <counter type="COMPLEXITY" missed="0" covered="1"/>
                <counter type="METHOD" missed="0" covered="1"/>
            </method>
            <method name="name" desc="(Ljava/lang/String;)Lio/symeo/monolithic/backend/domain/bff/model/account/Team$TeamBuilder;" line="11">
                <counter type="INSTRUCTION" missed="0" covered="5"/>
                <counter type="LINE" missed="0" covered="1"/>
                <counter type="COMPLEXITY" missed="0" covered="1"/>
                <counter type="METHOD" missed="0" covered="1"/>
            </method>
            <method name="organizationId" desc="(Ljava/util/UUID;)Lio/symeo/monolithic/backend/domain/bff/model/account/Team$TeamBuilder;" line="11">
                <counter type="INSTRUCTION" missed="0" covered="5"/>
                <counter type="LINE" missed="0" covered="1"/>
                <counter type="COMPLEXITY" missed="0" covered="1"/>
                <counter type="METHOD" missed="0" covered="1"/>
            </method>
            <method name="repositories" desc="(Ljava/util/List;)Lio/symeo/monolithic/backend/domain/bff/model/account/Team$TeamBuilder;" line="11">
                <counter type="INSTRUCTION" missed="0" covered="5"/>
                <counter type="LINE" missed="0" covered="1"/>
                <counter type="COMPLEXITY" missed="0" covered="1"/>
                <counter type="METHOD" missed="0" covered="1"/>
            </method>
            <method name="build" desc="()Lio/symeo/monolithic/backend/domain/bff/model/account/Team;" line="11">
                <counter type="INSTRUCTION" missed="0" covered="12"/>
                <counter type="LINE" missed="0" covered="1"/>
                <counter type="COMPLEXITY" missed="0" covered="1"/>
                <counter type="METHOD" missed="0" covered="1"/>
            </method>
            <method name="toString" desc="()Ljava/lang/String;" line="11">
                <counter type="INSTRUCTION" missed="10" covered="0"/>
                <counter type="LINE" missed="1" covered="0"/>
                <counter type="COMPLEXITY" missed="1" covered="0"/>
                <counter type="METHOD" missed="1" covered="0"/>
            </method>
            <counter type="INSTRUCTION" missed="10" covered="35"/>
            <counter type="LINE" missed="0" covered="1"/>
            <counter type="COMPLEXITY" missed="1" covered="6"/>
            <counter type="METHOD" missed="1" covered="6"/>
            <counter type="CLASS" missed="0" covered="1"/>
        </class>
        <class name="io/symeo/monolithic/backend/domain/bff/model/account/OrganizationApiKey" sourcefilename="OrganizationApiKey.java">
            <method name="&lt;init&gt;" desc="(Ljava/util/UUID;Ljava/util/UUID;Ljava/lang/String;Ljava/lang/String;)V" line="8">
                <counter type="INSTRUCTION" missed="15" covered="0"/>
                <counter type="LINE" missed="1" covered="0"/>
                <counter type="COMPLEXITY" missed="1" covered="0"/>
                <counter type="METHOD" missed="1" covered="0"/>
            </method>
            <method name="builder" desc="()Lio/symeo/monolithic/backend/domain/bff/model/account/OrganizationApiKey$OrganizationApiKeyBuilder;" line="8">
                <counter type="INSTRUCTION" missed="4" covered="0"/>
                <counter type="LINE" missed="1" covered="0"/>
                <counter type="COMPLEXITY" missed="1" covered="0"/>
                <counter type="METHOD" missed="1" covered="0"/>
            </method>
            <method name="getId" desc="()Ljava/util/UUID;" line="11">
                <counter type="INSTRUCTION" missed="3" covered="0"/>
                <counter type="LINE" missed="1" covered="0"/>
                <counter type="COMPLEXITY" missed="1" covered="0"/>
                <counter type="METHOD" missed="1" covered="0"/>
            </method>
            <method name="getOrganizationId" desc="()Ljava/util/UUID;" line="12">
                <counter type="INSTRUCTION" missed="3" covered="0"/>
                <counter type="LINE" missed="1" covered="0"/>
                <counter type="COMPLEXITY" missed="1" covered="0"/>
                <counter type="METHOD" missed="1" covered="0"/>
            </method>
            <method name="getName" desc="()Ljava/lang/String;" line="13">
                <counter type="INSTRUCTION" missed="3" covered="0"/>
                <counter type="LINE" missed="1" covered="0"/>
                <counter type="COMPLEXITY" missed="1" covered="0"/>
                <counter type="METHOD" missed="1" covered="0"/>
            </method>
            <method name="getKey" desc="()Ljava/lang/String;" line="14">
                <counter type="INSTRUCTION" missed="3" covered="0"/>
                <counter type="LINE" missed="1" covered="0"/>
                <counter type="COMPLEXITY" missed="1" covered="0"/>
                <counter type="METHOD" missed="1" covered="0"/>
            </method>
            <method name="equals" desc="(Ljava/lang/Object;)Z" line="9">
                <counter type="INSTRUCTION" missed="83" covered="0"/>
                <counter type="BRANCH" missed="28" covered="0"/>
                <counter type="LINE" missed="1" covered="0"/>
                <counter type="COMPLEXITY" missed="15" covered="0"/>
                <counter type="METHOD" missed="1" covered="0"/>
            </method>
            <method name="hashCode" desc="()I" line="9">
                <counter type="INSTRUCTION" missed="62" covered="0"/>
                <counter type="BRANCH" missed="8" covered="0"/>
                <counter type="LINE" missed="1" covered="0"/>
                <counter type="COMPLEXITY" missed="5" covered="0"/>
                <counter type="METHOD" missed="1" covered="0"/>
            </method>
            <method name="toString" desc="()Ljava/lang/String;" line="9">
                <counter type="INSTRUCTION" missed="10" covered="0"/>
                <counter type="LINE" missed="1" covered="0"/>
                <counter type="COMPLEXITY" missed="1" covered="0"/>
                <counter type="METHOD" missed="1" covered="0"/>
            </method>
            <counter type="INSTRUCTION" missed="186" covered="0"/>
            <counter type="BRANCH" missed="36" covered="0"/>
            <counter type="LINE" missed="6" covered="0"/>
            <counter type="COMPLEXITY" missed="27" covered="0"/>
            <counter type="METHOD" missed="9" covered="0"/>
            <counter type="CLASS" missed="1" covered="0"/>
        </class>
        <class name="io/symeo/monolithic/backend/domain/bff/model/account/Team" sourcefilename="Team.java">
            <method name="&lt;init&gt;" desc="(Ljava/util/UUID;Ljava/lang/String;Ljava/util/UUID;Ljava/util/List;)V" line="11">
                <counter type="INSTRUCTION" missed="0" covered="15"/>
                <counter type="LINE" missed="0" covered="1"/>
                <counter type="COMPLEXITY" missed="0" covered="1"/>
                <counter type="METHOD" missed="0" covered="1"/>
            </method>
            <method name="builder" desc="()Lio/symeo/monolithic/backend/domain/bff/model/account/Team$TeamBuilder;" line="11">
                <counter type="INSTRUCTION" missed="0" covered="4"/>
                <counter type="LINE" missed="0" covered="1"/>
                <counter type="COMPLEXITY" missed="0" covered="1"/>
                <counter type="METHOD" missed="0" covered="1"/>
            </method>
            <method name="toBuilder" desc="()Lio/symeo/monolithic/backend/domain/bff/model/account/Team$TeamBuilder;" line="11">
                <counter type="INSTRUCTION" missed="0" covered="16"/>
                <counter type="LINE" missed="0" covered="1"/>
                <counter type="COMPLEXITY" missed="0" covered="1"/>
                <counter type="METHOD" missed="0" covered="1"/>
            </method>
            <method name="getId" desc="()Ljava/util/UUID;" line="13">
                <counter type="INSTRUCTION" missed="0" covered="3"/>
                <counter type="LINE" missed="0" covered="1"/>
                <counter type="COMPLEXITY" missed="0" covered="1"/>
                <counter type="METHOD" missed="0" covered="1"/>
            </method>
            <method name="getName" desc="()Ljava/lang/String;" line="14">
                <counter type="INSTRUCTION" missed="3" covered="0"/>
                <counter type="LINE" missed="1" covered="0"/>
                <counter type="COMPLEXITY" missed="1" covered="0"/>
                <counter type="METHOD" missed="1" covered="0"/>
            </method>
            <method name="getOrganizationId" desc="()Ljava/util/UUID;" line="15">
                <counter type="INSTRUCTION" missed="0" covered="3"/>
                <counter type="LINE" missed="0" covered="1"/>
                <counter type="COMPLEXITY" missed="0" covered="1"/>
                <counter type="METHOD" missed="0" covered="1"/>
            </method>
            <method name="getRepositories" desc="()Ljava/util/List;" line="16">
                <counter type="INSTRUCTION" missed="3" covered="0"/>
                <counter type="LINE" missed="1" covered="0"/>
                <counter type="COMPLEXITY" missed="1" covered="0"/>
                <counter type="METHOD" missed="1" covered="0"/>
            </method>
            <method name="equals" desc="(Ljava/lang/Object;)Z" line="10">
                <counter type="INSTRUCTION" missed="83" covered="0"/>
                <counter type="BRANCH" missed="28" covered="0"/>
                <counter type="LINE" missed="1" covered="0"/>
                <counter type="COMPLEXITY" missed="15" covered="0"/>
                <counter type="METHOD" missed="1" covered="0"/>
            </method>
            <method name="hashCode" desc="()I" line="10">
                <counter type="INSTRUCTION" missed="62" covered="0"/>
                <counter type="BRANCH" missed="8" covered="0"/>
                <counter type="LINE" missed="1" covered="0"/>
                <counter type="COMPLEXITY" missed="5" covered="0"/>
                <counter type="METHOD" missed="1" covered="0"/>
            </method>
            <method name="toString" desc="()Ljava/lang/String;" line="10">
                <counter type="INSTRUCTION" missed="10" covered="0"/>
                <counter type="LINE" missed="1" covered="0"/>
                <counter type="COMPLEXITY" missed="1" covered="0"/>
                <counter type="METHOD" missed="1" covered="0"/>
            </method>
            <counter type="INSTRUCTION" missed="161" covered="41"/>
            <counter type="BRANCH" missed="36" covered="0"/>
            <counter type="LINE" missed="3" covered="3"/>
            <counter type="COMPLEXITY" missed="23" covered="5"/>
            <counter type="METHOD" missed="5" covered="5"/>
            <counter type="CLASS" missed="0" covered="1"/>
        </class>
        <class name="io/symeo/monolithic/backend/domain/bff/model/account/Organization$OrganizationBuilder" sourcefilename="Organization.java">
            <method name="&lt;init&gt;" desc="()V" line="11">
                <counter type="INSTRUCTION" missed="0" covered="3"/>
                <counter type="LINE" missed="0" covered="1"/>
                <counter type="COMPLEXITY" missed="0" covered="1"/>
                <counter type="METHOD" missed="0" covered="1"/>
            </method>
            <method name="id" desc="(Ljava/util/UUID;)Lio/symeo/monolithic/backend/domain/bff/model/account/Organization$OrganizationBuilder;" line="11">
                <counter type="INSTRUCTION" missed="0" covered="5"/>
                <counter type="LINE" missed="0" covered="1"/>
                <counter type="COMPLEXITY" missed="0" covered="1"/>
                <counter type="METHOD" missed="0" covered="1"/>
            </method>
            <method name="name" desc="(Ljava/lang/String;)Lio/symeo/monolithic/backend/domain/bff/model/account/Organization$OrganizationBuilder;" line="11">
                <counter type="INSTRUCTION" missed="0" covered="5"/>
                <counter type="LINE" missed="0" covered="1"/>
                <counter type="COMPLEXITY" missed="0" covered="1"/>
                <counter type="METHOD" missed="0" covered="1"/>
            </method>
            <method name="teams" desc="(Ljava/util/List;)Lio/symeo/monolithic/backend/domain/bff/model/account/Organization$OrganizationBuilder;" line="11">
                <counter type="INSTRUCTION" missed="0" covered="8"/>
                <counter type="LINE" missed="0" covered="1"/>
                <counter type="COMPLEXITY" missed="0" covered="1"/>
                <counter type="METHOD" missed="0" covered="1"/>
            </method>
            <method name="timeZone" desc="(Ljava/util/TimeZone;)Lio/symeo/monolithic/backend/domain/bff/model/account/Organization$OrganizationBuilder;" line="11">
                <counter type="INSTRUCTION" missed="8" covered="0"/>
                <counter type="LINE" missed="1" covered="0"/>
                <counter type="COMPLEXITY" missed="1" covered="0"/>
                <counter type="METHOD" missed="1" covered="0"/>
            </method>
            <method name="vcsOrganization" desc="(Lio/symeo/monolithic/backend/domain/bff/model/account/Organization$VcsOrganization;)Lio/symeo/monolithic/backend/domain/bff/model/account/Organization$OrganizationBuilder;" line="11">
                <counter type="INSTRUCTION" missed="0" covered="5"/>
                <counter type="LINE" missed="0" covered="1"/>
                <counter type="COMPLEXITY" missed="0" covered="1"/>
                <counter type="METHOD" missed="0" covered="1"/>
            </method>
            <method name="build" desc="()Lio/symeo/monolithic/backend/domain/bff/model/account/Organization;" line="11">
                <counter type="INSTRUCTION" missed="0" covered="28"/>
                <counter type="BRANCH" missed="1" covered="3"/>
                <counter type="LINE" missed="0" covered="1"/>
                <counter type="COMPLEXITY" missed="1" covered="2"/>
                <counter type="METHOD" missed="0" covered="1"/>
            </method>
            <method name="toString" desc="()Ljava/lang/String;" line="11">
                <counter type="INSTRUCTION" missed="12" covered="0"/>
                <counter type="LINE" missed="1" covered="0"/>
                <counter type="COMPLEXITY" missed="1" covered="0"/>
                <counter type="METHOD" missed="1" covered="0"/>
            </method>
            <counter type="INSTRUCTION" missed="20" covered="54"/>
            <counter type="BRANCH" missed="1" covered="3"/>
            <counter type="LINE" missed="0" covered="1"/>
            <counter type="COMPLEXITY" missed="3" covered="7"/>
            <counter type="METHOD" missed="2" covered="6"/>
            <counter type="CLASS" missed="0" covered="1"/>
        </class>
        <class name="io/symeo/monolithic/backend/domain/bff/model/account/TeamGoal" sourcefilename="TeamGoal.java">
            <method name="fromTeamStandardAndTeamId" desc="(Lio/symeo/monolithic/backend/domain/bff/model/account/TeamStandard;Ljava/util/UUID;Ljava/lang/Integer;)Lio/symeo/monolithic/backend/domain/bff/model/account/TeamGoal;" line="22">
                <counter type="INSTRUCTION" missed="0" covered="11"/>
                <counter type="LINE" missed="0" covered="5"/>
                <counter type="COMPLEXITY" missed="0" covered="1"/>
                <counter type="METHOD" missed="0" covered="1"/>
            </method>
            <method name="getValueAsInteger" desc="()Ljava/lang/Integer;" line="30">
                <counter type="INSTRUCTION" missed="0" covered="5"/>
                <counter type="LINE" missed="0" covered="1"/>
                <counter type="COMPLEXITY" missed="0" covered="1"/>
                <counter type="METHOD" missed="0" covered="1"/>
            </method>
            <method name="&lt;init&gt;" desc="(Ljava/util/UUID;Ljava/lang/String;Ljava/util/UUID;Ljava/lang/String;)V" line="10">
                <counter type="INSTRUCTION" missed="10" covered="19"/>
                <counter type="BRANCH" missed="2" covered="2"/>
                <counter type="LINE" missed="0" covered="1"/>
                <counter type="COMPLEXITY" missed="2" covered="1"/>
                <counter type="METHOD" missed="0" covered="1"/>
            </method>
            <method name="builder" desc="()Lio/symeo/monolithic/backend/domain/bff/model/account/TeamGoal$TeamGoalBuilder;" line="10">
                <counter type="INSTRUCTION" missed="0" covered="4"/>
                <counter type="LINE" missed="0" covered="1"/>
                <counter type="COMPLEXITY" missed="0" covered="1"/>
                <counter type="METHOD" missed="0" covered="1"/>
            </method>
            <method name="getId" desc="()Ljava/util/UUID;" line="12">
                <counter type="INSTRUCTION" missed="3" covered="0"/>
                <counter type="LINE" missed="1" covered="0"/>
                <counter type="COMPLEXITY" missed="1" covered="0"/>
                <counter type="METHOD" missed="1" covered="0"/>
            </method>
            <method name="getStandardCode" desc="()Ljava/lang/String;" line="14">
                <counter type="INSTRUCTION" missed="0" covered="3"/>
                <counter type="LINE" missed="0" covered="1"/>
                <counter type="COMPLEXITY" missed="0" covered="1"/>
                <counter type="METHOD" missed="0" covered="1"/>
            </method>
            <method name="getTeamId" desc="()Ljava/util/UUID;" line="16">
                <counter type="INSTRUCTION" missed="0" covered="3"/>
                <counter type="LINE" missed="0" covered="1"/>
                <counter type="COMPLEXITY" missed="0" covered="1"/>
                <counter type="METHOD" missed="0" covered="1"/>
            </method>
            <method name="getValue" desc="()Ljava/lang/String;" line="17">
                <counter type="INSTRUCTION" missed="0" covered="3"/>
                <counter type="LINE" missed="0" covered="1"/>
                <counter type="COMPLEXITY" missed="0" covered="1"/>
                <counter type="METHOD" missed="0" covered="1"/>
            </method>
            <method name="setId" desc="(Ljava/util/UUID;)V" line="9">
                <counter type="INSTRUCTION" missed="4" covered="0"/>
                <counter type="LINE" missed="1" covered="0"/>
                <counter type="COMPLEXITY" missed="1" covered="0"/>
                <counter type="METHOD" missed="1" covered="0"/>
            </method>
            <method name="setStandardCode" desc="(Ljava/lang/String;)V" line="9">
                <counter type="INSTRUCTION" missed="11" covered="0"/>
                <counter type="BRANCH" missed="2" covered="0"/>
                <counter type="LINE" missed="1" covered="0"/>
                <counter type="COMPLEXITY" missed="2" covered="0"/>
                <counter type="METHOD" missed="1" covered="0"/>
            </method>
            <method name="setTeamId" desc="(Ljava/util/UUID;)V" line="9">
                <counter type="INSTRUCTION" missed="11" covered="0"/>
                <counter type="BRANCH" missed="2" covered="0"/>
                <counter type="LINE" missed="1" covered="0"/>
                <counter type="COMPLEXITY" missed="2" covered="0"/>
                <counter type="METHOD" missed="1" covered="0"/>
            </method>
            <method name="setValue" desc="(Ljava/lang/String;)V" line="9">
                <counter type="INSTRUCTION" missed="4" covered="0"/>
                <counter type="LINE" missed="1" covered="0"/>
                <counter type="COMPLEXITY" missed="1" covered="0"/>
                <counter type="METHOD" missed="1" covered="0"/>
            </method>
            <method name="equals" desc="(Ljava/lang/Object;)Z" line="9">
                <counter type="INSTRUCTION" missed="89" covered="0"/>
                <counter type="BRANCH" missed="30" covered="0"/>
                <counter type="LINE" missed="1" covered="0"/>
                <counter type="COMPLEXITY" missed="16" covered="0"/>
                <counter type="METHOD" missed="1" covered="0"/>
            </method>
            <method name="canEqual" desc="(Ljava/lang/Object;)Z" line="9">
                <counter type="INSTRUCTION" missed="3" covered="0"/>
                <counter type="LINE" missed="1" covered="0"/>
                <counter type="COMPLEXITY" missed="1" covered="0"/>
                <counter type="METHOD" missed="1" covered="0"/>
            </method>
            <method name="hashCode" desc="()I" line="9">
                <counter type="INSTRUCTION" missed="62" covered="0"/>
                <counter type="BRANCH" missed="8" covered="0"/>
                <counter type="LINE" missed="1" covered="0"/>
                <counter type="COMPLEXITY" missed="5" covered="0"/>
                <counter type="METHOD" missed="1" covered="0"/>
            </method>
            <method name="toString" desc="()Ljava/lang/String;" line="9">
                <counter type="INSTRUCTION" missed="10" covered="0"/>
                <counter type="LINE" missed="1" covered="0"/>
                <counter type="COMPLEXITY" missed="1" covered="0"/>
                <counter type="METHOD" missed="1" covered="0"/>
            </method>
            <counter type="INSTRUCTION" missed="207" covered="48"/>
            <counter type="BRANCH" missed="44" covered="2"/>
            <counter type="LINE" missed="2" covered="10"/>
            <counter type="COMPLEXITY" missed="32" covered="7"/>
            <counter type="METHOD" missed="9" covered="7"/>
            <counter type="CLASS" missed="0" covered="1"/>
        </class>
        <class name="io/symeo/monolithic/backend/domain/bff/model/account/Onboarding" sourcefilename="Onboarding.java">
            <method name="$default$hasConnectedToVcs" desc="()Ljava/lang/Boolean;" line="11">
                <counter type="INSTRUCTION" missed="0" covered="2"/>
                <counter type="LINE" missed="0" covered="1"/>
                <counter type="COMPLEXITY" missed="0" covered="1"/>
                <counter type="METHOD" missed="0" covered="1"/>
            </method>
            <method name="$default$hasConfiguredTeam" desc="()Ljava/lang/Boolean;" line="11">
                <counter type="INSTRUCTION" missed="0" covered="2"/>
                <counter type="LINE" missed="0" covered="1"/>
                <counter type="COMPLEXITY" missed="0" covered="1"/>
                <counter type="METHOD" missed="0" covered="1"/>
            </method>
            <method name="&lt;init&gt;" desc="(Ljava/util/UUID;Ljava/lang/Boolean;Ljava/lang/Boolean;)V" line="11">
                <counter type="INSTRUCTION" missed="0" covered="12"/>
                <counter type="LINE" missed="0" covered="1"/>
                <counter type="COMPLEXITY" missed="0" covered="1"/>
                <counter type="METHOD" missed="0" covered="1"/>
            </method>
            <method name="builder" desc="()Lio/symeo/monolithic/backend/domain/bff/model/account/Onboarding$OnboardingBuilder;" line="11">
                <counter type="INSTRUCTION" missed="0" covered="4"/>
                <counter type="LINE" missed="0" covered="1"/>
                <counter type="COMPLEXITY" missed="0" covered="1"/>
                <counter type="METHOD" missed="0" covered="1"/>
            </method>
            <method name="toBuilder" desc="()Lio/symeo/monolithic/backend/domain/bff/model/account/Onboarding$OnboardingBuilder;" line="11">
                <counter type="INSTRUCTION" missed="0" covered="13"/>
                <counter type="LINE" missed="0" covered="1"/>
                <counter type="COMPLEXITY" missed="0" covered="1"/>
                <counter type="METHOD" missed="0" covered="1"/>
            </method>
            <method name="getId" desc="()Ljava/util/UUID;" line="13">
                <counter type="INSTRUCTION" missed="3" covered="0"/>
                <counter type="LINE" missed="1" covered="0"/>
                <counter type="COMPLEXITY" missed="1" covered="0"/>
                <counter type="METHOD" missed="1" covered="0"/>
            </method>
            <method name="getHasConnectedToVcs" desc="()Ljava/lang/Boolean;" line="15">
                <counter type="INSTRUCTION" missed="0" covered="3"/>
                <counter type="LINE" missed="0" covered="1"/>
                <counter type="COMPLEXITY" missed="0" covered="1"/>
                <counter type="METHOD" missed="0" covered="1"/>
            </method>
            <method name="getHasConfiguredTeam" desc="()Ljava/lang/Boolean;" line="17">
                <counter type="INSTRUCTION" missed="0" covered="3"/>
                <counter type="LINE" missed="0" covered="1"/>
                <counter type="COMPLEXITY" missed="0" covered="1"/>
                <counter type="METHOD" missed="0" covered="1"/>
            </method>
            <method name="setId" desc="(Ljava/util/UUID;)V" line="10">
                <counter type="INSTRUCTION" missed="4" covered="0"/>
                <counter type="LINE" missed="1" covered="0"/>
                <counter type="COMPLEXITY" missed="1" covered="0"/>
                <counter type="METHOD" missed="1" covered="0"/>
            </method>
            <method name="setHasConnectedToVcs" desc="(Ljava/lang/Boolean;)V" line="10">
                <counter type="INSTRUCTION" missed="4" covered="0"/>
                <counter type="LINE" missed="1" covered="0"/>
                <counter type="COMPLEXITY" missed="1" covered="0"/>
                <counter type="METHOD" missed="1" covered="0"/>
            </method>
            <method name="setHasConfiguredTeam" desc="(Ljava/lang/Boolean;)V" line="10">
                <counter type="INSTRUCTION" missed="4" covered="0"/>
                <counter type="LINE" missed="1" covered="0"/>
                <counter type="COMPLEXITY" missed="1" covered="0"/>
                <counter type="METHOD" missed="1" covered="0"/>
            </method>
            <method name="equals" desc="(Ljava/lang/Object;)Z" line="10">
                <counter type="INSTRUCTION" missed="67" covered="5"/>
                <counter type="BRANCH" missed="23" covered="1"/>
                <counter type="LINE" missed="0" covered="1"/>
                <counter type="COMPLEXITY" missed="12" covered="1"/>
                <counter type="METHOD" missed="0" covered="1"/>
            </method>
            <method name="canEqual" desc="(Ljava/lang/Object;)Z" line="10">
                <counter type="INSTRUCTION" missed="3" covered="0"/>
                <counter type="LINE" missed="1" covered="0"/>
                <counter type="COMPLEXITY" missed="1" covered="0"/>
                <counter type="METHOD" missed="1" covered="0"/>
            </method>
            <method name="hashCode" desc="()I" line="10">
                <counter type="INSTRUCTION" missed="48" covered="0"/>
                <counter type="BRANCH" missed="6" covered="0"/>
                <counter type="LINE" missed="1" covered="0"/>
                <counter type="COMPLEXITY" missed="4" covered="0"/>
                <counter type="METHOD" missed="1" covered="0"/>
            </method>
            <method name="toString" desc="()Ljava/lang/String;" line="10">
                <counter type="INSTRUCTION" missed="8" covered="0"/>
                <counter type="LINE" missed="1" covered="0"/>
                <counter type="COMPLEXITY" missed="1" covered="0"/>
                <counter type="METHOD" missed="1" covered="0"/>
            </method>
            <counter type="INSTRUCTION" missed="141" covered="44"/>
            <counter type="BRANCH" missed="29" covered="1"/>
            <counter type="LINE" missed="1" covered="4"/>
            <counter type="COMPLEXITY" missed="22" covered="8"/>
            <counter type="METHOD" missed="7" covered="8"/>
            <counter type="CLASS" missed="0" covered="1"/>
        </class>
        <class name="io/symeo/monolithic/backend/domain/bff/model/account/TeamStandard$TeamStandardBuilder" sourcefilename="TeamStandard.java">
            <method name="&lt;init&gt;" desc="()V" line="6">
                <counter type="INSTRUCTION" missed="0" covered="3"/>
                <counter type="LINE" missed="0" covered="1"/>
                <counter type="COMPLEXITY" missed="0" covered="1"/>
                <counter type="METHOD" missed="0" covered="1"/>
            </method>
            <method name="code" desc="(Ljava/lang/String;)Lio/symeo/monolithic/backend/domain/bff/model/account/TeamStandard$TeamStandardBuilder;" line="6">
                <counter type="INSTRUCTION" missed="0" covered="5"/>
                <counter type="LINE" missed="0" covered="1"/>
                <counter type="COMPLEXITY" missed="0" covered="1"/>
                <counter type="METHOD" missed="0" covered="1"/>
            </method>
            <method name="build" desc="()Lio/symeo/monolithic/backend/domain/bff/model/account/TeamStandard;" line="6">
                <counter type="INSTRUCTION" missed="0" covered="6"/>
                <counter type="LINE" missed="0" covered="1"/>
                <counter type="COMPLEXITY" missed="0" covered="1"/>
                <counter type="METHOD" missed="0" covered="1"/>
            </method>
            <method name="toString" desc="()Ljava/lang/String;" line="6">
                <counter type="INSTRUCTION" missed="4" covered="0"/>
                <counter type="LINE" missed="1" covered="0"/>
                <counter type="COMPLEXITY" missed="1" covered="0"/>
                <counter type="METHOD" missed="1" covered="0"/>
            </method>
            <counter type="INSTRUCTION" missed="4" covered="14"/>
            <counter type="LINE" missed="0" covered="1"/>
            <counter type="COMPLEXITY" missed="1" covered="3"/>
            <counter type="METHOD" missed="1" covered="3"/>
            <counter type="CLASS" missed="0" covered="1"/>
        </class>
        <class name="io/symeo/monolithic/backend/domain/bff/model/account/OrganizationApiKey$OrganizationApiKeyBuilder" sourcefilename="OrganizationApiKey.java">
            <method name="&lt;init&gt;" desc="()V" line="8">
                <counter type="INSTRUCTION" missed="3" covered="0"/>
                <counter type="LINE" missed="1" covered="0"/>
                <counter type="COMPLEXITY" missed="1" covered="0"/>
                <counter type="METHOD" missed="1" covered="0"/>
            </method>
            <method name="id" desc="(Ljava/util/UUID;)Lio/symeo/monolithic/backend/domain/bff/model/account/OrganizationApiKey$OrganizationApiKeyBuilder;" line="8">
                <counter type="INSTRUCTION" missed="5" covered="0"/>
                <counter type="LINE" missed="1" covered="0"/>
                <counter type="COMPLEXITY" missed="1" covered="0"/>
                <counter type="METHOD" missed="1" covered="0"/>
            </method>
            <method name="organizationId" desc="(Ljava/util/UUID;)Lio/symeo/monolithic/backend/domain/bff/model/account/OrganizationApiKey$OrganizationApiKeyBuilder;" line="8">
                <counter type="INSTRUCTION" missed="5" covered="0"/>
                <counter type="LINE" missed="1" covered="0"/>
                <counter type="COMPLEXITY" missed="1" covered="0"/>
                <counter type="METHOD" missed="1" covered="0"/>
            </method>
            <method name="name" desc="(Ljava/lang/String;)Lio/symeo/monolithic/backend/domain/bff/model/account/OrganizationApiKey$OrganizationApiKeyBuilder;" line="8">
                <counter type="INSTRUCTION" missed="5" covered="0"/>
                <counter type="LINE" missed="1" covered="0"/>
                <counter type="COMPLEXITY" missed="1" covered="0"/>
                <counter type="METHOD" missed="1" covered="0"/>
            </method>
            <method name="key" desc="(Ljava/lang/String;)Lio/symeo/monolithic/backend/domain/bff/model/account/OrganizationApiKey$OrganizationApiKeyBuilder;" line="8">
                <counter type="INSTRUCTION" missed="5" covered="0"/>
                <counter type="LINE" missed="1" covered="0"/>
                <counter type="COMPLEXITY" missed="1" covered="0"/>
                <counter type="METHOD" missed="1" covered="0"/>
            </method>
            <method name="build" desc="()Lio/symeo/monolithic/backend/domain/bff/model/account/OrganizationApiKey;" line="8">
                <counter type="INSTRUCTION" missed="12" covered="0"/>
                <counter type="LINE" missed="1" covered="0"/>
                <counter type="COMPLEXITY" missed="1" covered="0"/>
                <counter type="METHOD" missed="1" covered="0"/>
            </method>
            <method name="toString" desc="()Ljava/lang/String;" line="8">
                <counter type="INSTRUCTION" missed="10" covered="0"/>
                <counter type="LINE" missed="1" covered="0"/>
                <counter type="COMPLEXITY" missed="1" covered="0"/>
                <counter type="METHOD" missed="1" covered="0"/>
            </method>
            <counter type="INSTRUCTION" missed="45" covered="0"/>
            <counter type="LINE" missed="1" covered="0"/>
            <counter type="COMPLEXITY" missed="7" covered="0"/>
            <counter type="METHOD" missed="7" covered="0"/>
            <counter type="CLASS" missed="1" covered="0"/>
        </class>
        <class name="io/symeo/monolithic/backend/domain/bff/model/account/Organization" sourcefilename="Organization.java">
            <method name="$default$teams" desc="()Ljava/util/List;" line="11">
                <counter type="INSTRUCTION" missed="0" covered="4"/>
                <counter type="LINE" missed="0" covered="1"/>
                <counter type="COMPLEXITY" missed="0" covered="1"/>
                <counter type="METHOD" missed="0" covered="1"/>
            </method>
            <method name="$default$timeZone" desc="()Ljava/util/TimeZone;" line="11">
                <counter type="INSTRUCTION" missed="0" covered="3"/>
                <counter type="LINE" missed="0" covered="1"/>
                <counter type="COMPLEXITY" missed="0" covered="1"/>
                <counter type="METHOD" missed="0" covered="1"/>
            </method>
            <method name="builder" desc="()Lio/symeo/monolithic/backend/domain/bff/model/account/Organization$OrganizationBuilder;" line="11">
                <counter type="INSTRUCTION" missed="0" covered="4"/>
                <counter type="LINE" missed="0" covered="1"/>
                <counter type="COMPLEXITY" missed="0" covered="1"/>
                <counter type="METHOD" missed="0" covered="1"/>
            </method>
            <method name="toBuilder" desc="()Lio/symeo/monolithic/backend/domain/bff/model/account/Organization$OrganizationBuilder;" line="11">
                <counter type="INSTRUCTION" missed="19" covered="0"/>
                <counter type="LINE" missed="1" covered="0"/>
                <counter type="COMPLEXITY" missed="1" covered="0"/>
                <counter type="METHOD" missed="1" covered="0"/>
            </method>
            <method name="getId" desc="()Ljava/util/UUID;" line="16">
                <counter type="INSTRUCTION" missed="0" covered="3"/>
                <counter type="LINE" missed="0" covered="1"/>
                <counter type="COMPLEXITY" missed="0" covered="1"/>
                <counter type="METHOD" missed="0" covered="1"/>
            </method>
            <method name="getName" desc="()Ljava/lang/String;" line="17">
                <counter type="INSTRUCTION" missed="3" covered="0"/>
                <counter type="LINE" missed="1" covered="0"/>
                <counter type="COMPLEXITY" missed="1" covered="0"/>
                <counter type="METHOD" missed="1" covered="0"/>
            </method>
            <method name="getTeams" desc="()Ljava/util/List;" line="19">
                <counter type="INSTRUCTION" missed="3" covered="0"/>
                <counter type="LINE" missed="1" covered="0"/>
                <counter type="COMPLEXITY" missed="1" covered="0"/>
                <counter type="METHOD" missed="1" covered="0"/>
            </method>
            <method name="getTimeZone" desc="()Ljava/util/TimeZone;" line="21">
                <counter type="INSTRUCTION" missed="0" covered="3"/>
                <counter type="LINE" missed="0" covered="1"/>
                <counter type="COMPLEXITY" missed="0" covered="1"/>
                <counter type="METHOD" missed="0" covered="1"/>
            </method>
            <method name="getVcsOrganization" desc="()Lio/symeo/monolithic/backend/domain/bff/model/account/Organization$VcsOrganization;" line="22">
                <counter type="INSTRUCTION" missed="3" covered="0"/>
                <counter type="LINE" missed="1" covered="0"/>
                <counter type="COMPLEXITY" missed="1" covered="0"/>
                <counter type="METHOD" missed="1" covered="0"/>
            </method>
            <method name="setId" desc="(Ljava/util/UUID;)V" line="12">
                <counter type="INSTRUCTION" missed="4" covered="0"/>
                <counter type="LINE" missed="1" covered="0"/>
                <counter type="COMPLEXITY" missed="1" covered="0"/>
                <counter type="METHOD" missed="1" covered="0"/>
            </method>
            <method name="setName" desc="(Ljava/lang/String;)V" line="12">
                <counter type="INSTRUCTION" missed="4" covered="0"/>
                <counter type="LINE" missed="1" covered="0"/>
                <counter type="COMPLEXITY" missed="1" covered="0"/>
                <counter type="METHOD" missed="1" covered="0"/>
            </method>
            <method name="setTeams" desc="(Ljava/util/List;)V" line="12">
                <counter type="INSTRUCTION" missed="4" covered="0"/>
                <counter type="LINE" missed="1" covered="0"/>
                <counter type="COMPLEXITY" missed="1" covered="0"/>
                <counter type="METHOD" missed="1" covered="0"/>
            </method>
            <method name="setTimeZone" desc="(Ljava/util/TimeZone;)V" line="12">
                <counter type="INSTRUCTION" missed="4" covered="0"/>
                <counter type="LINE" missed="1" covered="0"/>
                <counter type="COMPLEXITY" missed="1" covered="0"/>
                <counter type="METHOD" missed="1" covered="0"/>
            </method>
            <method name="setVcsOrganization" desc="(Lio/symeo/monolithic/backend/domain/bff/model/account/Organization$VcsOrganization;)V" line="12">
                <counter type="INSTRUCTION" missed="4" covered="0"/>
                <counter type="LINE" missed="1" covered="0"/>
                <counter type="COMPLEXITY" missed="1" covered="0"/>
                <counter type="METHOD" missed="1" covered="0"/>
            </method>
            <method name="equals" desc="(Ljava/lang/Object;)Z" line="12">
                <counter type="INSTRUCTION" missed="106" covered="0"/>
                <counter type="BRANCH" missed="36" covered="0"/>
                <counter type="LINE" missed="1" covered="0"/>
                <counter type="COMPLEXITY" missed="19" covered="0"/>
                <counter type="METHOD" missed="1" covered="0"/>
            </method>
            <method name="canEqual" desc="(Ljava/lang/Object;)Z" line="12">
                <counter type="INSTRUCTION" missed="3" covered="0"/>
                <counter type="LINE" missed="1" covered="0"/>
                <counter type="COMPLEXITY" missed="1" covered="0"/>
                <counter type="METHOD" missed="1" covered="0"/>
            </method>
            <method name="hashCode" desc="()I" line="12">
                <counter type="INSTRUCTION" missed="76" covered="0"/>
                <counter type="BRANCH" missed="10" covered="0"/>
                <counter type="LINE" missed="1" covered="0"/>
                <counter type="COMPLEXITY" missed="6" covered="0"/>
                <counter type="METHOD" missed="1" covered="0"/>
            </method>
            <method name="toString" desc="()Ljava/lang/String;" line="12">
                <counter type="INSTRUCTION" missed="12" covered="0"/>
                <counter type="LINE" missed="1" covered="0"/>
                <counter type="COMPLEXITY" missed="1" covered="0"/>
                <counter type="METHOD" missed="1" covered="0"/>
            </method>
            <method name="&lt;init&gt;" desc="(Ljava/util/UUID;Ljava/lang/String;Ljava/util/List;Ljava/util/TimeZone;Lio/symeo/monolithic/backend/domain/bff/model/account/Organization$VcsOrganization;)V" line="13">
                <counter type="INSTRUCTION" missed="0" covered="18"/>
                <counter type="LINE" missed="0" covered="1"/>
                <counter type="COMPLEXITY" missed="0" covered="1"/>
                <counter type="METHOD" missed="0" covered="1"/>
            </method>
            <method name="&lt;init&gt;" desc="()V" line="14">
                <counter type="INSTRUCTION" missed="9" covered="0"/>
                <counter type="LINE" missed="1" covered="0"/>
                <counter type="COMPLEXITY" missed="1" covered="0"/>
                <counter type="METHOD" missed="1" covered="0"/>
            </method>
            <counter type="INSTRUCTION" missed="254" covered="35"/>
            <counter type="BRANCH" missed="46" covered="0"/>
            <counter type="LINE" missed="5" covered="4"/>
            <counter type="COMPLEXITY" missed="37" covered="6"/>
            <counter type="METHOD" missed="14" covered="6"/>
            <counter type="CLASS" missed="0" covered="1"/>
        </class>
        <class name="io/symeo/monolithic/backend/domain/bff/model/account/User" sourcefilename="User.java">
            <method name="getOrganization" desc="()Lio/symeo/monolithic/backend/domain/bff/model/account/Organization;" line="25">
                <counter type="INSTRUCTION" missed="0" covered="12"/>
                <counter type="BRANCH" missed="0" covered="2"/>
                <counter type="LINE" missed="0" covered="1"/>
                <counter type="COMPLEXITY" missed="0" covered="2"/>
                <counter type="METHOD" missed="0" covered="1"/>
            </method>
            <method name="hasConnectedToVcs" desc="()V" line="29">
                <counter type="INSTRUCTION" missed="0" covered="10"/>
                <counter type="LINE" missed="0" covered="2"/>
                <counter type="COMPLEXITY" missed="0" covered="1"/>
                <counter type="METHOD" missed="0" covered="1"/>
            </method>
            <method name="hasConfiguredTeam" desc="()V" line="33">
                <counter type="INSTRUCTION" missed="0" covered="10"/>
                <counter type="LINE" missed="0" covered="2"/>
                <counter type="COMPLEXITY" missed="0" covered="1"/>
                <counter type="METHOD" missed="0" covered="1"/>
            </method>
            <method name="isActive" desc="()Lio/symeo/monolithic/backend/domain/bff/model/account/User;" line="37">
                <counter type="INSTRUCTION" missed="0" covered="6"/>
                <counter type="LINE" missed="0" covered="1"/>
                <counter type="COMPLEXITY" missed="0" covered="1"/>
                <counter type="METHOD" missed="0" covered="1"/>
            </method>
            <method name="$default$onboarding" desc="()Lio/symeo/monolithic/backend/domain/bff/model/account/Onboarding;" line="12">
                <counter type="INSTRUCTION" missed="0" covered="5"/>
                <counter type="LINE" missed="0" covered="1"/>
                <counter type="COMPLEXITY" missed="0" covered="1"/>
                <counter type="METHOD" missed="0" covered="1"/>
            </method>
            <method name="$default$status" desc="()Ljava/lang/String;" line="12">
                <counter type="INSTRUCTION" missed="0" covered="2"/>
                <counter type="LINE" missed="0" covered="1"/>
                <counter type="COMPLEXITY" missed="0" covered="1"/>
                <counter type="METHOD" missed="0" covered="1"/>
            </method>
            <method name="&lt;init&gt;" desc="(Ljava/lang/String;Ljava/util/UUID;Ljava/util/List;Lio/symeo/monolithic/backend/domain/bff/model/account/Onboarding;Ljava/lang/String;)V" line="12">
                <counter type="INSTRUCTION" missed="0" covered="18"/>
                <counter type="LINE" missed="0" covered="1"/>
                <counter type="COMPLEXITY" missed="0" covered="1"/>
                <counter type="METHOD" missed="0" covered="1"/>
            </method>
            <method name="builder" desc="()Lio/symeo/monolithic/backend/domain/bff/model/account/User$UserBuilder;" line="12">
                <counter type="INSTRUCTION" missed="0" covered="4"/>
                <counter type="LINE" missed="0" covered="1"/>
                <counter type="COMPLEXITY" missed="0" covered="1"/>
                <counter type="METHOD" missed="0" covered="1"/>
            </method>
            <method name="toBuilder" desc="()Lio/symeo/monolithic/backend/domain/bff/model/account/User$UserBuilder;" line="12">
                <counter type="INSTRUCTION" missed="0" covered="19"/>
                <counter type="LINE" missed="0" covered="1"/>
                <counter type="COMPLEXITY" missed="0" covered="1"/>
                <counter type="METHOD" missed="0" covered="1"/>
            </method>
            <method name="getEmail" desc="()Ljava/lang/String;" line="16">
                <counter type="INSTRUCTION" missed="0" covered="3"/>
                <counter type="LINE" missed="0" covered="1"/>
                <counter type="COMPLEXITY" missed="0" covered="1"/>
                <counter type="METHOD" missed="0" covered="1"/>
            </method>
            <method name="getId" desc="()Ljava/util/UUID;" line="17">
                <counter type="INSTRUCTION" missed="0" covered="3"/>
                <counter type="LINE" missed="0" covered="1"/>
                <counter type="COMPLEXITY" missed="0" covered="1"/>
                <counter type="METHOD" missed="0" covered="1"/>
            </method>
            <method name="getOrganizations" desc="()Ljava/util/List;" line="18">
                <counter type="INSTRUCTION" missed="0" covered="3"/>
                <counter type="LINE" missed="0" covered="1"/>
                <counter type="COMPLEXITY" missed="0" covered="1"/>
                <counter type="METHOD" missed="0" covered="1"/>
            </method>
            <method name="getOnboarding" desc="()Lio/symeo/monolithic/backend/domain/bff/model/account/Onboarding;" line="20">
                <counter type="INSTRUCTION" missed="0" covered="3"/>
                <counter type="LINE" missed="0" covered="1"/>
                <counter type="COMPLEXITY" missed="0" covered="1"/>
                <counter type="METHOD" missed="0" covered="1"/>
            </method>
            <method name="getStatus" desc="()Ljava/lang/String;" line="22">
                <counter type="INSTRUCTION" missed="0" covered="3"/>
                <counter type="LINE" missed="0" covered="1"/>
                <counter type="COMPLEXITY" missed="0" covered="1"/>
                <counter type="METHOD" missed="0" covered="1"/>
            </method>
            <method name="setEmail" desc="(Ljava/lang/String;)V" line="11">
                <counter type="INSTRUCTION" missed="4" covered="0"/>
                <counter type="LINE" missed="1" covered="0"/>
                <counter type="COMPLEXITY" missed="1" covered="0"/>
                <counter type="METHOD" missed="1" covered="0"/>
            </method>
            <method name="setId" desc="(Ljava/util/UUID;)V" line="11">
                <counter type="INSTRUCTION" missed="4" covered="0"/>
                <counter type="LINE" missed="1" covered="0"/>
                <counter type="COMPLEXITY" missed="1" covered="0"/>
                <counter type="METHOD" missed="1" covered="0"/>
            </method>
            <method name="setOrganizations" desc="(Ljava/util/List;)V" line="11">
                <counter type="INSTRUCTION" missed="4" covered="0"/>
                <counter type="LINE" missed="1" covered="0"/>
                <counter type="COMPLEXITY" missed="1" covered="0"/>
                <counter type="METHOD" missed="1" covered="0"/>
            </method>
            <method name="setOnboarding" desc="(Lio/symeo/monolithic/backend/domain/bff/model/account/Onboarding;)V" line="11">
                <counter type="INSTRUCTION" missed="4" covered="0"/>
                <counter type="LINE" missed="1" covered="0"/>
                <counter type="COMPLEXITY" missed="1" covered="0"/>
                <counter type="METHOD" missed="1" covered="0"/>
            </method>
            <method name="setStatus" desc="(Ljava/lang/String;)V" line="11">
                <counter type="INSTRUCTION" missed="4" covered="0"/>
                <counter type="LINE" missed="1" covered="0"/>
                <counter type="COMPLEXITY" missed="1" covered="0"/>
                <counter type="METHOD" missed="1" covered="0"/>
            </method>
            <method name="equals" desc="(Ljava/lang/Object;)Z" line="11">
                <counter type="INSTRUCTION" missed="33" covered="73"/>
                <counter type="BRANCH" missed="23" covered="13"/>
                <counter type="LINE" missed="0" covered="1"/>
                <counter type="COMPLEXITY" missed="18" covered="1"/>
                <counter type="METHOD" missed="0" covered="1"/>
            </method>
            <method name="canEqual" desc="(Ljava/lang/Object;)Z" line="11">
                <counter type="INSTRUCTION" missed="0" covered="3"/>
                <counter type="LINE" missed="0" covered="1"/>
                <counter type="COMPLEXITY" missed="0" covered="1"/>
                <counter type="METHOD" missed="0" covered="1"/>
            </method>
            <method name="hashCode" desc="()I" line="11">
                <counter type="INSTRUCTION" missed="76" covered="0"/>
                <counter type="BRANCH" missed="10" covered="0"/>
                <counter type="LINE" missed="1" covered="0"/>
                <counter type="COMPLEXITY" missed="6" covered="0"/>
                <counter type="METHOD" missed="1" covered="0"/>
            </method>
            <method name="toString" desc="()Ljava/lang/String;" line="11">
                <counter type="INSTRUCTION" missed="12" covered="0"/>
                <counter type="LINE" missed="1" covered="0"/>
                <counter type="COMPLEXITY" missed="1" covered="0"/>
                <counter type="METHOD" missed="1" covered="0"/>
            </method>
            <counter type="INSTRUCTION" missed="141" covered="177"/>
            <counter type="BRANCH" missed="33" covered="15"/>
            <counter type="LINE" missed="0" covered="13"/>
            <counter type="COMPLEXITY" missed="30" covered="17"/>
            <counter type="METHOD" missed="7" covered="16"/>
            <counter type="CLASS" missed="0" covered="1"/>
        </class>
        <class name="io/symeo/monolithic/backend/domain/bff/model/account/Organization$VcsOrganization" sourcefilename="Organization.java">
            <method name="&lt;init&gt;" desc="(Ljava/lang/Long;Ljava/lang/String;Ljava/lang/String;Ljava/lang/String;)V" line="24">
                <counter type="INSTRUCTION" missed="0" covered="15"/>
                <counter type="LINE" missed="0" covered="1"/>
                <counter type="COMPLEXITY" missed="0" covered="1"/>
                <counter type="METHOD" missed="0" covered="1"/>
            </method>
            <method name="builder" desc="()Lio/symeo/monolithic/backend/domain/bff/model/account/Organization$VcsOrganization$VcsOrganizationBuilder;" line="24">
                <counter type="INSTRUCTION" missed="0" covered="4"/>
                <counter type="LINE" missed="0" covered="1"/>
                <counter type="COMPLEXITY" missed="0" covered="1"/>
                <counter type="METHOD" missed="0" covered="1"/>
            </method>
            <method name="getId" desc="()Ljava/lang/Long;" line="27">
                <counter type="INSTRUCTION" missed="3" covered="0"/>
                <counter type="LINE" missed="1" covered="0"/>
                <counter type="COMPLEXITY" missed="1" covered="0"/>
                <counter type="METHOD" missed="1" covered="0"/>
            </method>
            <method name="getName" desc="()Ljava/lang/String;" line="28">
                <counter type="INSTRUCTION" missed="3" covered="0"/>
                <counter type="LINE" missed="1" covered="0"/>
                <counter type="COMPLEXITY" missed="1" covered="0"/>
                <counter type="METHOD" missed="1" covered="0"/>
            </method>
            <method name="getVcsId" desc="()Ljava/lang/String;" line="29">
                <counter type="INSTRUCTION" missed="3" covered="0"/>
                <counter type="LINE" missed="1" covered="0"/>
                <counter type="COMPLEXITY" missed="1" covered="0"/>
                <counter type="METHOD" missed="1" covered="0"/>
            </method>
            <method name="getExternalId" desc="()Ljava/lang/String;" line="30">
                <counter type="INSTRUCTION" missed="3" covered="0"/>
                <counter type="LINE" missed="1" covered="0"/>
                <counter type="COMPLEXITY" missed="1" covered="0"/>
                <counter type="METHOD" missed="1" covered="0"/>
            </method>
            <method name="equals" desc="(Ljava/lang/Object;)Z" line="25">
                <counter type="INSTRUCTION" missed="83" covered="0"/>
                <counter type="BRANCH" missed="28" covered="0"/>
                <counter type="LINE" missed="1" covered="0"/>
                <counter type="COMPLEXITY" missed="15" covered="0"/>
                <counter type="METHOD" missed="1" covered="0"/>
            </method>
            <method name="hashCode" desc="()I" line="25">
                <counter type="INSTRUCTION" missed="62" covered="0"/>
                <counter type="BRANCH" missed="8" covered="0"/>
                <counter type="LINE" missed="1" covered="0"/>
                <counter type="COMPLEXITY" missed="5" covered="0"/>
                <counter type="METHOD" missed="1" covered="0"/>
            </method>
            <method name="toString" desc="()Ljava/lang/String;" line="25">
                <counter type="INSTRUCTION" missed="10" covered="0"/>
                <counter type="LINE" missed="1" covered="0"/>
                <counter type="COMPLEXITY" missed="1" covered="0"/>
                <counter type="METHOD" missed="1" covered="0"/>
            </method>
            <counter type="INSTRUCTION" missed="167" covered="19"/>
            <counter type="BRANCH" missed="36" covered="0"/>
            <counter type="LINE" missed="5" covered="1"/>
            <counter type="COMPLEXITY" missed="25" covered="2"/>
            <counter type="METHOD" missed="7" covered="2"/>
            <counter type="CLASS" missed="0" covered="1"/>
        </class>
        <class name="io/symeo/monolithic/backend/domain/bff/model/account/Organization$VcsOrganization$VcsOrganizationBuilder" sourcefilename="Organization.java">
            <method name="&lt;init&gt;" desc="()V" line="24">
                <counter type="INSTRUCTION" missed="0" covered="3"/>
                <counter type="LINE" missed="0" covered="1"/>
                <counter type="COMPLEXITY" missed="0" covered="1"/>
                <counter type="METHOD" missed="0" covered="1"/>
            </method>
            <method name="id" desc="(Ljava/lang/Long;)Lio/symeo/monolithic/backend/domain/bff/model/account/Organization$VcsOrganization$VcsOrganizationBuilder;" line="24">
                <counter type="INSTRUCTION" missed="5" covered="0"/>
                <counter type="LINE" missed="1" covered="0"/>
                <counter type="COMPLEXITY" missed="1" covered="0"/>
                <counter type="METHOD" missed="1" covered="0"/>
            </method>
            <method name="name" desc="(Ljava/lang/String;)Lio/symeo/monolithic/backend/domain/bff/model/account/Organization$VcsOrganization$VcsOrganizationBuilder;" line="24">
                <counter type="INSTRUCTION" missed="0" covered="5"/>
                <counter type="LINE" missed="0" covered="1"/>
                <counter type="COMPLEXITY" missed="0" covered="1"/>
                <counter type="METHOD" missed="0" covered="1"/>
            </method>
            <method name="vcsId" desc="(Ljava/lang/String;)Lio/symeo/monolithic/backend/domain/bff/model/account/Organization$VcsOrganization$VcsOrganizationBuilder;" line="24">
                <counter type="INSTRUCTION" missed="5" covered="0"/>
                <counter type="LINE" missed="1" covered="0"/>
                <counter type="COMPLEXITY" missed="1" covered="0"/>
                <counter type="METHOD" missed="1" covered="0"/>
            </method>
            <method name="externalId" desc="(Ljava/lang/String;)Lio/symeo/monolithic/backend/domain/bff/model/account/Organization$VcsOrganization$VcsOrganizationBuilder;" line="24">
                <counter type="INSTRUCTION" missed="0" covered="5"/>
                <counter type="LINE" missed="0" covered="1"/>
                <counter type="COMPLEXITY" missed="0" covered="1"/>
                <counter type="METHOD" missed="0" covered="1"/>
            </method>
            <method name="build" desc="()Lio/symeo/monolithic/backend/domain/bff/model/account/Organization$VcsOrganization;" line="24">
                <counter type="INSTRUCTION" missed="0" covered="12"/>
                <counter type="LINE" missed="0" covered="1"/>
                <counter type="COMPLEXITY" missed="0" covered="1"/>
                <counter type="METHOD" missed="0" covered="1"/>
            </method>
            <method name="toString" desc="()Ljava/lang/String;" line="24">
                <counter type="INSTRUCTION" missed="10" covered="0"/>
                <counter type="LINE" missed="1" covered="0"/>
                <counter type="COMPLEXITY" missed="1" covered="0"/>
                <counter type="METHOD" missed="1" covered="0"/>
            </method>
            <counter type="INSTRUCTION" missed="20" covered="25"/>
            <counter type="LINE" missed="0" covered="1"/>
            <counter type="COMPLEXITY" missed="3" covered="4"/>
            <counter type="METHOD" missed="3" covered="4"/>
            <counter type="CLASS" missed="0" covered="1"/>
        </class>
        <sourcefile name="Team.java">
            <line nr="10" mi="155" ci="0" mb="36" cb="0"/>
            <line nr="11" mi="10" ci="70" mb="0" cb="0"/>
            <line nr="13" mi="0" ci="3" mb="0" cb="0"/>
            <line nr="14" mi="3" ci="0" mb="0" cb="0"/>
            <line nr="15" mi="0" ci="3" mb="0" cb="0"/>
            <line nr="16" mi="3" ci="0" mb="0" cb="0"/>
            <counter type="INSTRUCTION" missed="171" covered="76"/>
            <counter type="BRANCH" missed="36" covered="0"/>
            <counter type="LINE" missed="3" covered="3"/>
            <counter type="COMPLEXITY" missed="24" covered="11"/>
            <counter type="METHOD" missed="6" covered="11"/>
            <counter type="CLASS" missed="0" covered="2"/>
        </sourcefile>
        <sourcefile name="Organization.java">
            <line nr="11" mi="39" ci="65" mb="1" cb="3"/>
            <line nr="12" mi="217" ci="0" mb="46" cb="0"/>
            <line nr="13" mi="0" ci="18" mb="0" cb="0"/>
            <line nr="14" mi="9" ci="0" mb="0" cb="0"/>
            <line nr="16" mi="0" ci="3" mb="0" cb="0"/>
            <line nr="17" mi="3" ci="0" mb="0" cb="0"/>
            <line nr="19" mi="3" ci="0" mb="0" cb="0"/>
            <line nr="21" mi="0" ci="3" mb="0" cb="0"/>
            <line nr="22" mi="3" ci="0" mb="0" cb="0"/>
            <line nr="24" mi="20" ci="44" mb="0" cb="0"/>
            <line nr="25" mi="155" ci="0" mb="36" cb="0"/>
            <line nr="27" mi="3" ci="0" mb="0" cb="0"/>
            <line nr="28" mi="3" ci="0" mb="0" cb="0"/>
            <line nr="29" mi="3" ci="0" mb="0" cb="0"/>
            <line nr="30" mi="3" ci="0" mb="0" cb="0"/>
            <counter type="INSTRUCTION" missed="461" covered="133"/>
            <counter type="BRANCH" missed="83" covered="3"/>
            <counter type="LINE" missed="10" covered="5"/>
            <counter type="COMPLEXITY" missed="68" covered="19"/>
            <counter type="METHOD" missed="26" covered="18"/>
[...]
                <counter type="COMPLEXITY" missed="0" covered="1"/>
                <counter type="METHOD" missed="0" covered="1"/>
            </method>
            <method name="getTeamGoalForTeamIdAndTeamStandard" desc="(Ljava/util/UUID;Lio/symeo/monolithic/backend/domain/bff/model/account/TeamStandard;)Lio/symeo/monolithic/backend/domain/bff/model/account/TeamGoal;" line="47">
                <counter type="INSTRUCTION" missed="0" covered="19"/>
                <counter type="LINE" missed="0" covered="6"/>
                <counter type="COMPLEXITY" missed="0" covered="1"/>
                <counter type="METHOD" missed="0" covered="1"/>
            </method>
            <method name="getOptionalTeamGoalForTeamIdAndTeamStandard" desc="(Ljava/util/UUID;Lio/symeo/monolithic/backend/domain/bff/model/account/TeamStandard;)Ljava/util/Optional;" line="61">
                <counter type="INSTRUCTION" missed="0" covered="12"/>
                <counter type="LINE" missed="0" covered="4"/>
                <counter type="COMPLEXITY" missed="0" covered="1"/>
                <counter type="METHOD" missed="0" covered="1"/>
            </method>
            <method name="validateTeamGoals" desc="(Ljava/util/List;Ljava/util/UUID;)V" line="68">
                <counter type="INSTRUCTION" missed="0" covered="18"/>
                <counter type="BRANCH" missed="0" covered="2"/>
                <counter type="LINE" missed="0" covered="6"/>
                <counter type="COMPLEXITY" missed="0" covered="2"/>
                <counter type="METHOD" missed="0" covered="1"/>
            </method>
            <method name="&lt;init&gt;" desc="(Lio/symeo/monolithic/backend/domain/bff/port/out/TeamStandardStorage;Lio/symeo/monolithic/backend/domain/bff/port/out/TeamGoalStorage;)V" line="16">
                <counter type="INSTRUCTION" missed="0" covered="9"/>
                <counter type="LINE" missed="0" covered="1"/>
                <counter type="COMPLEXITY" missed="0" covered="1"/>
                <counter type="METHOD" missed="0" covered="1"/>
            </method>
            <method name="lambda$getOptionalTeamGoalForTeamIdAndTeamStandard$2" desc="(Lio/symeo/monolithic/backend/domain/bff/model/account/TeamStandard;Lio/symeo/monolithic/backend/domain/bff/model/account/TeamGoal;)Z" line="63">
                <counter type="INSTRUCTION" missed="0" covered="6"/>
                <counter type="LINE" missed="0" covered="1"/>
                <counter type="COMPLEXITY" missed="0" covered="1"/>
                <counter type="METHOD" missed="0" covered="1"/>
            </method>
            <method name="lambda$getTeamGoalForTeamIdAndTeamStandard$1" desc="(Lio/symeo/monolithic/backend/domain/bff/model/account/TeamStandard;)Lio/symeo/monolithic/backend/domain/exception/SymeoException;" line="52">
                <counter type="INSTRUCTION" missed="0" covered="15"/>
                <counter type="LINE" missed="0" covered="4"/>
                <counter type="COMPLEXITY" missed="0" covered="1"/>
                <counter type="METHOD" missed="0" covered="1"/>
            </method>
            <method name="lambda$getTeamGoalForTeamIdAndTeamStandard$0" desc="(Lio/symeo/monolithic/backend/domain/bff/model/account/TeamStandard;Lio/symeo/monolithic/backend/domain/bff/model/account/TeamGoal;)Z" line="50">
                <counter type="INSTRUCTION" missed="0" covered="6"/>
                <counter type="LINE" missed="0" covered="1"/>
                <counter type="COMPLEXITY" missed="0" covered="1"/>
                <counter type="METHOD" missed="0" covered="1"/>
            </method>
            <counter type="INSTRUCTION" missed="0" covered="116"/>
            <counter type="BRANCH" missed="0" covered="2"/>
            <counter type="LINE" missed="0" covered="29"/>
            <counter type="COMPLEXITY" missed="0" covered="12"/>
            <counter type="METHOD" missed="0" covered="11"/>
            <counter type="CLASS" missed="0" covered="1"/>
        </class>
        <class name="io/symeo/monolithic/backend/domain/bff/service/organization/OrganizationSettingsService" sourcefilename="OrganizationSettingsService.java">
            <method name="initializeOrganizationSettingsForOrganization" desc="(Lio/symeo/monolithic/backend/domain/bff/model/account/Organization;)V" line="22">
                <counter type="INSTRUCTION" missed="0" covered="25"/>
                <counter type="BRANCH" missed="0" covered="2"/>
                <counter type="LINE" missed="0" covered="9"/>
                <counter type="COMPLEXITY" missed="0" covered="2"/>
                <counter type="METHOD" missed="0" covered="1"/>
            </method>
            <method name="getOrganizationSettingsForOrganization" desc="(Lio/symeo/monolithic/backend/domain/bff/model/account/Organization;)Lio/symeo/monolithic/backend/domain/bff/model/account/settings/OrganizationSettings;" line="36">
                <counter type="INSTRUCTION" missed="0" covered="10"/>
                <counter type="LINE" missed="0" covered="2"/>
                <counter type="COMPLEXITY" missed="0" covered="1"/>
                <counter type="METHOD" missed="0" covered="1"/>
            </method>
            <method name="updateOrganizationSettings" desc="(Lio/symeo/monolithic/backend/domain/bff/model/account/settings/OrganizationSettings;)V" line="48">
                <counter type="INSTRUCTION" missed="6" covered="25"/>
                <counter type="BRANCH" missed="1" covered="1"/>
                <counter type="LINE" missed="2" covered="9"/>
                <counter type="COMPLEXITY" missed="1" covered="1"/>
                <counter type="METHOD" missed="0" covered="1"/>
            </method>
            <method name="getOrganizationSettingsForIdAndOrganizationId" desc="(Ljava/util/UUID;Ljava/util/UUID;)Ljava/util/Optional;" line="66">
                <counter type="INSTRUCTION" missed="0" covered="6"/>
                <counter type="LINE" missed="0" covered="1"/>
                <counter type="COMPLEXITY" missed="0" covered="1"/>
                <counter type="METHOD" missed="0" covered="1"/>
            </method>
            <method name="&lt;init&gt;" desc="(Lio/symeo/monolithic/backend/domain/bff/port/out/BffExpositionStorageAdapter;Lio/symeo/monolithic/backend/domain/bff/port/out/OrganizationStorageAdapter;)V" line="15">
                <counter type="INSTRUCTION" missed="0" covered="9"/>
                <counter type="LINE" missed="0" covered="1"/>
                <counter type="COMPLEXITY" missed="0" covered="1"/>
                <counter type="METHOD" missed="0" covered="1"/>
            </method>
            <method name="lambda$getOrganizationSettingsForOrganization$0" desc="(Lio/symeo/monolithic/backend/domain/bff/model/account/Organization;)Lio/symeo/monolithic/backend/domain/exception/SymeoException;" line="38">
                <counter type="INSTRUCTION" missed="0" covered="15"/>
                <counter type="LINE" missed="0" covered="5"/>
                <counter type="COMPLEXITY" missed="0" covered="1"/>
                <counter type="METHOD" missed="0" covered="1"/>
            </method>
            <counter type="INSTRUCTION" missed="6" covered="90"/>
            <counter type="BRANCH" missed="1" covered="3"/>
            <counter type="LINE" missed="2" covered="27"/>
            <counter type="COMPLEXITY" missed="1" covered="7"/>
            <counter type="METHOD" missed="0" covered="6"/>
            <counter type="CLASS" missed="0" covered="1"/>
        </class>
        <class name="io/symeo/monolithic/backend/domain/bff/service/organization/OnboardingService" sourcefilename="OnboardingService.java">
            <method name="updateOnboarding" desc="(Lio/symeo/monolithic/backend/domain/bff/model/account/Onboarding;)Lio/symeo/monolithic/backend/domain/bff/model/account/Onboarding;" line="16">
                <counter type="INSTRUCTION" missed="0" covered="5"/>
                <counter type="LINE" missed="0" covered="1"/>
                <counter type="COMPLEXITY" missed="0" covered="1"/>
                <counter type="METHOD" missed="0" covered="1"/>
            </method>
            <method name="&lt;init&gt;" desc="(Lio/symeo/monolithic/backend/domain/bff/port/out/OnboardingStorage;)V" line="9">
                <counter type="INSTRUCTION" missed="0" covered="6"/>
                <counter type="LINE" missed="0" covered="1"/>
                <counter type="COMPLEXITY" missed="0" covered="1"/>
                <counter type="METHOD" missed="0" covered="1"/>
            </method>
            <counter type="INSTRUCTION" missed="0" covered="11"/>
            <counter type="LINE" missed="0" covered="2"/>
            <counter type="COMPLEXITY" missed="0" covered="2"/>
            <counter type="METHOD" missed="0" covered="2"/>
            <counter type="CLASS" missed="0" covered="1"/>
        </class>
        <sourcefile name="OrganizationService.java">
            <line nr="14" mi="0" ci="12" mb="0" cb="0"/>
            <line nr="22" mi="0" ci="5" mb="0" cb="0"/>
            <line nr="23" mi="0" ci="5" mb="0" cb="0"/>
            <line nr="24" mi="0" ci="2" mb="0" cb="0"/>
            <line nr="29" mi="5" ci="0" mb="0" cb="0"/>
            <line nr="31" mi="3" ci="0" mb="2" cb="0"/>
            <line nr="32" mi="8" ci="0" mb="0" cb="0"/>
            <line nr="35" mi="2" ci="0" mb="0" cb="0"/>
            <counter type="INSTRUCTION" missed="18" covered="24"/>
            <counter type="BRANCH" missed="2" covered="0"/>
            <counter type="LINE" missed="4" covered="4"/>
            <counter type="COMPLEXITY" missed="2" covered="2"/>
            <counter type="METHOD" missed="1" covered="2"/>
            <counter type="CLASS" missed="0" covered="1"/>
        </sourcefile>
        <sourcefile name="OnboardingService.java">
            <line nr="9" mi="0" ci="6" mb="0" cb="0"/>
            <line nr="16" mi="0" ci="5" mb="0" cb="0"/>
            <counter type="INSTRUCTION" missed="0" covered="11"/>
            <counter type="LINE" missed="0" covered="2"/>
            <counter type="COMPLEXITY" missed="0" covered="2"/>
            <counter type="METHOD" missed="0" covered="2"/>
            <counter type="CLASS" missed="0" covered="1"/>
        </sourcefile>
        <sourcefile name="UserService.java">
            <line nr="19" mi="0" ci="9" mb="0" cb="0"/>
            <line nr="27" mi="0" ci="5" mb="0" cb="0"/>
            <line nr="28" mi="0" ci="3" mb="0" cb="2"/>
            <line nr="29" mi="0" ci="4" mb="0" cb="0"/>
            <line nr="30" mi="0" ci="5" mb="0" cb="2"/>
            <line nr="31" mi="0" ci="6" mb="0" cb="0"/>
            <line nr="33" mi="0" ci="2" mb="0" cb="0"/>
            <line nr="35" mi="0" ci="5" mb="0" cb="0"/>
            <line nr="41" mi="0" ci="2" mb="0" cb="0"/>
            <line nr="42" mi="0" ci="6" mb="0" cb="0"/>
            <line nr="47" mi="0" ci="5" mb="0" cb="0"/>
            <line nr="53" mi="0" ci="3" mb="0" cb="0"/>
            <line nr="54" mi="0" ci="4" mb="0" cb="0"/>
            <line nr="55" mi="0" ci="1" mb="0" cb="0"/>
            <line nr="56" mi="0" ci="1" mb="0" cb="0"/>
            <line nr="57" mi="0" ci="3" mb="0" cb="0"/>
            <line nr="58" mi="0" ci="1" mb="0" cb="0"/>
            <line nr="59" mi="0" ci="2" mb="0" cb="0"/>
            <line nr="60" mi="0" ci="1" mb="0" cb="0"/>
            <line nr="61" mi="0" ci="3" mb="0" cb="0"/>
            <line nr="62" mi="0" ci="10" mb="0" cb="2"/>
            <line nr="63" mi="0" ci="4" mb="0" cb="0"/>
            <line nr="65" mi="0" ci="1" mb="0" cb="0"/>
            <line nr="66" mi="0" ci="2" mb="0" cb="0"/>
            <line nr="67" mi="0" ci="5" mb="0" cb="0"/>
            <line nr="68" mi="0" ci="2" mb="0" cb="0"/>
            <line nr="69" mi="0" ci="6" mb="0" cb="0"/>
            <line nr="70" mi="0" ci="4" mb="0" cb="0"/>
            <line nr="71" mi="0" ci="3" mb="0" cb="0"/>
            <line nr="72" mi="0" ci="6" mb="0" cb="0"/>
            <line nr="73" mi="0" ci="2" mb="0" cb="0"/>
            <line nr="77" mi="0" ci="4" mb="0" cb="0"/>
            <line nr="78" mi="0" ci="5" mb="0" cb="0"/>
            <line nr="79" mi="0" ci="2" mb="0" cb="0"/>
            <line nr="80" mi="0" ci="1" mb="0" cb="0"/>
            <line nr="81" mi="0" ci="3" mb="0" cb="0"/>
            <line nr="82" mi="0" ci="3" mb="0" cb="0"/>
            <line nr="83" mi="0" ci="2" mb="0" cb="0"/>
            <line nr="84" mi="0" ci="1" mb="0" cb="0"/>
            <line nr="86" mi="0" ci="2" mb="0" cb="0"/>
            <line nr="91" mi="0" ci="10" mb="0" cb="0"/>
            <line nr="92" mi="0" ci="2" mb="0" cb="0"/>
            <line nr="93" mi="0" ci="1" mb="0" cb="0"/>
            <line nr="94" mi="0" ci="2" mb="0" cb="0"/>
            <line nr="95" mi="0" ci="3" mb="0" cb="0"/>
            <line nr="96" mi="0" ci="2" mb="0" cb="0"/>
            <line nr="97" mi="0" ci="1" mb="0" cb="0"/>
            <line nr="98" mi="0" ci="2" mb="0" cb="0"/>
            <line nr="103" mi="0" ci="4" mb="0" cb="0"/>
            <line nr="104" mi="0" ci="1" mb="0" cb="0"/>
            <counter type="INSTRUCTION" missed="0" covered="167"/>
            <counter type="BRANCH" missed="0" covered="6"/>
            <counter type="LINE" missed="0" covered="50"/>
            <counter type="COMPLEXITY" missed="0" covered="15"/>
            <counter type="METHOD" missed="0" covered="12"/>
            <counter type="CLASS" missed="0" covered="1"/>
        </sourcefile>
        <sourcefile name="OrganizationSettingsService.java">
            <line nr="15" mi="0" ci="9" mb="0" cb="0"/>
            <line nr="22" mi="0" ci="3" mb="0" cb="0"/>
            <line nr="23" mi="0" ci="3" mb="0" cb="0"/>
            <line nr="24" mi="0" ci="3" mb="0" cb="2"/>
            <line nr="25" mi="0" ci="3" mb="0" cb="0"/>
            <line nr="26" mi="0" ci="3" mb="0" cb="0"/>
            <line nr="27" mi="0" ci="1" mb="0" cb="0"/>
            <line nr="28" mi="0" ci="4" mb="0" cb="0"/>
            <line nr="30" mi="0" ci="4" mb="0" cb="0"/>
            <line nr="32" mi="0" ci="1" mb="0" cb="0"/>
            <line nr="36" mi="0" ci="8" mb="0" cb="0"/>
            <line nr="37" mi="0" ci="2" mb="0" cb="0"/>
            <line nr="38" mi="0" ci="3" mb="0" cb="0"/>
            <line nr="39" mi="0" ci="7" mb="0" cb="0"/>
            <line nr="40" mi="0" ci="2" mb="0" cb="0"/>
            <line nr="41" mi="0" ci="2" mb="0" cb="0"/>
            <line nr="42" mi="0" ci="1" mb="0" cb="0"/>
            <line nr="48" mi="0" ci="2" mb="0" cb="0"/>
            <line nr="49" mi="0" ci="4" mb="0" cb="0"/>
            <line nr="50" mi="0" ci="1" mb="0" cb="0"/>
            <line nr="51" mi="0" ci="3" mb="1" cb="1"/>
            <line nr="52" mi="5" ci="0" mb="0" cb="0"/>
            <line nr="54" mi="0" ci="2" mb="0" cb="0"/>
            <line nr="55" mi="0" ci="7" mb="0" cb="0"/>
            <line nr="56" mi="0" ci="2" mb="0" cb="0"/>
            <line nr="58" mi="0" ci="2" mb="0" cb="0"/>
            <line nr="59" mi="0" ci="2" mb="0" cb="0"/>
            <line nr="61" mi="1" ci="0" mb="0" cb="0"/>
            <line nr="66" mi="0" ci="6" mb="0" cb="0"/>
            <counter type="INSTRUCTION" missed="6" covered="90"/>
            <counter type="BRANCH" missed="1" covered="3"/>
            <counter type="LINE" missed="2" covered="27"/>
            <counter type="COMPLEXITY" missed="1" covered="7"/>
            <counter type="METHOD" missed="0" covered="6"/>
            <counter type="CLASS" missed="0" covered="1"/>
        </sourcefile>
        <sourcefile name="TeamService.java">
            <line nr="18" mi="0" ci="9" mb="0" cb="0"/>
            <line nr="27" mi="0" ci="2" mb="0" cb="0"/>
            <line nr="28" mi="0" ci="4" mb="0" cb="0"/>
            <line nr="29" mi="0" ci="9" mb="0" cb="0"/>
            <line nr="30" mi="0" ci="2" mb="0" cb="0"/>
            <line nr="31" mi="0" ci="2" mb="0" cb="0"/>
            <line nr="32" mi="0" ci="11" mb="0" cb="0"/>
            <line nr="33" mi="0" ci="3" mb="0" cb="0"/>
            <line nr="34" mi="0" ci="1" mb="0" cb="0"/>
            <line nr="36" mi="0" ci="6" mb="0" cb="0"/>
            <line nr="37" mi="0" ci="10" mb="0" cb="2"/>
            <line nr="38" mi="0" ci="7" mb="0" cb="0"/>
            <line nr="39" mi="0" ci="1" mb="0" cb="0"/>
            <line nr="40" mi="0" ci="1" mb="0" cb="0"/>
            <line nr="41" mi="0" ci="2" mb="0" cb="0"/>
            <line nr="46" mi="0" ci="5" mb="0" cb="0"/>
            <line nr="51" mi="0" ci="4" mb="0" cb="0"/>
            <line nr="52" mi="0" ci="1" mb="0" cb="0"/>
            <line nr="56" mi="0" ci="4" mb="0" cb="0"/>
            <line nr="57" mi="0" ci="7" mb="0" cb="0"/>
            <line nr="58" mi="0" ci="1" mb="0" cb="0"/>
            <counter type="INSTRUCTION" missed="0" covered="92"/>
            <counter type="BRANCH" missed="0" covered="2"/>
            <counter type="LINE" missed="0" covered="21"/>
            <counter type="COMPLEXITY" missed="0" covered="8"/>
            <counter type="METHOD" missed="0" covered="7"/>
            <counter type="CLASS" missed="0" covered="1"/>
        </sourcefile>
        <sourcefile name="TeamGoalService.java">
            <line nr="16" mi="0" ci="9" mb="0" cb="0"/>
            <line nr="25" mi="0" ci="5" mb="0" cb="0"/>
            <line nr="26" mi="0" ci="5" mb="0" cb="0"/>
            <line nr="27" mi="0" ci="4" mb="0" cb="0"/>
            <line nr="28" mi="0" ci="1" mb="0" cb="0"/>
            <line nr="32" mi="0" ci="5" mb="0" cb="0"/>
            <line nr="37" mi="0" ci="4" mb="0" cb="0"/>
            <line nr="38" mi="0" ci="1" mb="0" cb="0"/>
            <line nr="42" mi="0" ci="5" mb="0" cb="0"/>
            <line nr="43" mi="0" ci="1" mb="0" cb="0"/>
            <line nr="47" mi="0" ci="5" mb="0" cb="0"/>
            <line nr="48" mi="0" ci="3" mb="0" cb="0"/>
            <line nr="49" mi="0" ci="2" mb="0" cb="0"/>
            <line nr="50" mi="0" ci="10" mb="0" cb="0"/>
            <line nr="51" mi="0" ci="3" mb="0" cb="0"/>
            <line nr="52" mi="0" ci="5" mb="0" cb="0"/>
            <line nr="53" mi="0" ci="7" mb="0" cb="0"/>
            <line nr="54" mi="0" ci="4" mb="0" cb="0"/>
            <line nr="55" mi="0" ci="1" mb="0" cb="0"/>
            <line nr="61" mi="0" ci="5" mb="0" cb="0"/>
            <line nr="62" mi="0" ci="2" mb="0" cb="0"/>
            <line nr="63" mi="0" ci="10" mb="0" cb="0"/>
            <line nr="64" mi="0" ci="1" mb="0" cb="0"/>
            <line nr="68" mi="0" ci="3" mb="0" cb="2"/>
            <line nr="69" mi="0" ci="2" mb="0" cb="0"/>
            <line nr="70" mi="0" ci="8" mb="0" cb="0"/>
            <line nr="71" mi="0" ci="2" mb="0" cb="0"/>
            <line nr="72" mi="0" ci="2" mb="0" cb="0"/>
            <line nr="74" mi="0" ci="1" mb="0" cb="0"/>
            <counter type="INSTRUCTION" missed="0" covered="116"/>
            <counter type="BRANCH" missed="0" covered="2"/>
            <counter type="LINE" missed="0" covered="29"/>
            <counter type="COMPLEXITY" missed="0" covered="12"/>
            <counter type="METHOD" missed="0" covered="11"/>
            <counter type="CLASS" missed="0" covered="1"/>
        </sourcefile>
        <counter type="INSTRUCTION" missed="24" covered="500"/>
        <counter type="BRANCH" missed="3" covered="13"/>
        <counter type="LINE" missed="6" covered="133"/>
        <counter type="COMPLEXITY" missed="3" covered="46"/>
        <counter type="METHOD" missed="1" covered="40"/>
        <counter type="CLASS" missed="0" covered="6"/>
    </package>
    <counter type="INSTRUCTION" missed="7123" covered="8318"/>
    <counter type="BRANCH" missed="1425" covered="455"/>
    <counter type="LINE" missed="114" covered="1257"/>
    <counter type="COMPLEXITY" missed="1140" covered="790"/>
    <counter type="METHOD" missed="309" covered="681"/>
    <counter type="CLASS" missed="5" covered="91"/>
</report>